[ethereum.org/zh/run-a-node.html]
[backblue.gif]
[fade.gif]
[index.html]
[ethereum.org/favicon.png]
[ethereum.org/manifest.json]
[ethereum.org/_next/static/media/7385e8d9d3c5518f-s.p.ttf]
[ethereum.org/_next/static/media/b01b725c4365f934-s.p.ttf]
[ethereum.org/_next/static/css/e60748b1c3aee46b.css]
[cdnjs.cloudflare.com/ajax/libs/twemoji/12.0.4/2/svg/1f30f.svg]
[cdnjs.cloudflare.com/ajax/libs/twemoji/12.0.4/2/svg/1f41b.svg]
[cdnjs.cloudflare.com/ajax/libs/twemoji/12.0.4/2/svg/26a0.svg]
[cdnjs.cloudflare.com/ajax/libs/twemoji/12.0.4/2/svg/1f6d2.svg]
[cdnjs.cloudflare.com/ajax/libs/twemoji/12.0.4/2/svg/1f3d7.svg]
[cdnjs.cloudflare.com/ajax/libs/twemoji/12.0.4/2/svg/1f969.svg]
[ethereum.org/zh/run-a-node.html]
[ethereum.org/_next/static/css/e60748b1c3aee46b.css]
[cdnjs.cloudflare.com/ajax/libs/twemoji/12.0.4/2/svg/1f30f.svg]
[cdnjs.cloudflare.com/ajax/libs/twemoji/12.0.4/2/svg/1f41b.svg]
[cdnjs.cloudflare.com/ajax/libs/twemoji/12.0.4/2/svg/26a0.svg]
[cdnjs.cloudflare.com/ajax/libs/twemoji/12.0.4/2/svg/1f6d2.svg]
[cdnjs.cloudflare.com/ajax/libs/twemoji/12.0.4/2/svg/1f3d7.svg]
[cdnjs.cloudflare.com/ajax/libs/twemoji/12.0.4/2/svg/1f969.svg]
[cdnjs.cloudflare.com/ajax/libs/twemoji/12.0.4/2/svg/1f967.svg]
[cdnjs.cloudflare.com/ajax/libs/twemoji/12.0.4/2/svg/1f967.svg]
